<?xml version="1.0" encoding="UTF-8"?>
<!-- Generated by org.testng.reporters.JUnitXMLReporter -->
<testsuite hostname="DESKTOP-2O9JK05" ignored="0" name="Test" tests="3" failures="0" timestamp="12 Jan 2019 12:13:41 GMT" time="106.281" errors="0">
  <testcase name="Test1" time="28.532" classname="com.AutomationTalks.demoProject1.TestClass1"/>
  <testcase name="Test2" time="8.716" classname="com.AutomationTalks.demoProject1.TestClass1"/>
  <testcase name="Test3" time="8.314" classname="com.AutomationTalks.demoProject1.TestClass1"/>
</testsuite> <!-- Test -->
