<?xml version="1.0" encoding="UTF-8"?>
<testng-results ignored="0" total="1" passed="1" failed="0" skipped="0">
  <reporter-output>
  </reporter-output>
  <suite started-at="2023-11-06T02:29:30Z" name="Default suite" finished-at="2023-11-06T02:29:40Z" duration-ms="9998">
    <groups>
    </groups>
    <test started-at="2023-11-06T02:29:30Z" name="Default test" finished-at="2023-11-06T02:29:40Z" duration-ms="9998">
      <class name="seleniumpractice.MultipleWindows_ToolTip_Location_29">
        <test-method signature="toolTip_MultiWindow_Lcoations()[pri:0, instance:seleniumpractice.MultipleWindows_ToolTip_Location_29@15fc442]" started-at="2023-11-06T02:29:30Z" name="toolTip_MultiWindow_Lcoations" finished-at="2023-11-06T02:29:40Z" duration-ms="9983" status="PASS">
          <reporter-output>
          </reporter-output>
        </test-method> <!-- toolTip_MultiWindow_Lcoations -->
      </class> <!-- seleniumpractice.MultipleWindows_ToolTip_Location_29 -->
    </test> <!-- Default test -->
  </suite> <!-- Default suite -->
</testng-results>
